\BOOKMARK [0][-]{chapter.1}{Lab Protocols}{}% 1
\BOOKMARK [1][-]{section.1.1}{Location of Common Materials}{chapter.1}% 2
\BOOKMARK [1][-]{section.1.2}{Recording Work and Labelling Materials}{chapter.1}% 3
\BOOKMARK [1][-]{section.1.3}{Procedures for Autoclaving}{chapter.1}% 4
\BOOKMARK [1][-]{section.1.4}{Preparation of Medium 199 \(Serum-Free\)}{chapter.1}% 5
\BOOKMARK [1][-]{section.1.5}{Preparation of Medium 199 \(Complete\)}{chapter.1}% 6
\BOOKMARK [1][-]{section.1.6}{Preparation of 1.2\045 Agarose}{chapter.1}% 7
\BOOKMARK [1][-]{section.1.7}{Preparation of 2x EMEM \(Serum-Free\)}{chapter.1}% 8
\BOOKMARK [1][-]{section.1.8}{Preparation of PBS \(Phosphate Buffered Saline\)}{chapter.1}% 9
\BOOKMARK [1][-]{section.1.9}{Procedure for Splitting MA104 Cells}{chapter.1}% 10
\BOOKMARK [1][-]{section.1.10}{Procedure for Plating MA104 Cells}{chapter.1}% 11
\BOOKMARK [1][-]{section.1.11}{Procedure for activating RV SA11 and Infecting MA104 Cells}{chapter.1}% 12
\BOOKMARK [1][-]{section.1.12}{Procedure for Performing RV Plaque Assay}{chapter.1}% 13
\BOOKMARK [1][-]{section.1.13}{Procedure for Transfecing MA104 Cells with siRNA-Expressing Lentiviral Vectors}{chapter.1}% 14
\BOOKMARK [1][-]{section.1.14}{Procedure for Infecting Cells Following Lentiviral Transfection}{chapter.1}% 15
\BOOKMARK [1][-]{section.1.15}{Procedure for Lysing Transfected Cells Following RV Infection}{chapter.1}% 16
\BOOKMARK [0][-]{chapter.2}{Rotavirus}{}% 17
\BOOKMARK [1][-]{section.2.1}{History}{chapter.2}% 18
\BOOKMARK [1][-]{section.2.2}{Classification}{chapter.2}% 19
\BOOKMARK [1][-]{section.2.3}{Virion Structure}{chapter.2}% 20
\BOOKMARK [1][-]{section.2.4}{Genome Structure}{chapter.2}% 21
\BOOKMARK [1][-]{section.2.5}{Coding Assignments}{chapter.2}% 22
\BOOKMARK [1][-]{section.2.6}{Stages of Replication}{chapter.2}% 23
\BOOKMARK [2][-]{subsection.2.6.1}{Attachment}{section.2.6}% 24
\BOOKMARK [2][-]{subsection.2.6.2}{Penetration and Uncoating}{section.2.6}% 25
\BOOKMARK [1][-]{section.2.7}{Pathogenesis and Pathology}{chapter.2}% 26
\BOOKMARK [1][-]{section.2.8}{Epidemiology}{chapter.2}% 27
\BOOKMARK [1][-]{section.2.9}{Immunity}{chapter.2}% 28
\BOOKMARK [1][-]{section.2.10}{Clinical Features and Diagnosis}{chapter.2}% 29
\BOOKMARK [1][-]{section.2.11}{Prevention and Control}{chapter.2}% 30
\BOOKMARK [0][-]{chapter.3}{Daily Log and Lab Notebook}{}% 31
\BOOKMARK [1][-]{section.3.1}{September 2014}{chapter.3}% 32
\BOOKMARK [1][-]{section.3.2}{October 2014}{chapter.3}% 33
